DEBUG - 2025-05-01 01:38:34 --> Session: Class initialized using 'CodeIgniter\Session\Handlers\FileHandler' driver.
DEBUG - 2025-05-01 01:38:35 --> Session: Class initialized using 'CodeIgniter\Session\Handlers\FileHandler' driver.
DEBUG - 2025-05-01 01:38:38 --> Session: Class initialized using 'CodeIgniter\Session\Handlers\FileHandler' driver.
DEBUG - 2025-05-01 01:40:46 --> Session: Class initialized using 'CodeIgniter\Session\Handlers\FileHandler' driver.
DEBUG - 2025-05-01 01:42:46 --> Session: Class initialized using 'CodeIgniter\Session\Handlers\FileHandler' driver.
DEBUG - 2025-05-01 01:47:06 --> Session: Class initialized using 'CodeIgniter\Session\Handlers\FileHandler' driver.
DEBUG - 2025-05-01 01:47:08 --> Session: Class initialized using 'CodeIgniter\Session\Handlers\FileHandler' driver.
DEBUG - 2025-05-01 01:47:38 --> Session: Class initialized using 'CodeIgniter\Session\Handlers\FileHandler' driver.
DEBUG - 2025-05-01 01:48:17 --> Session: Class initialized using 'CodeIgniter\Session\Handlers\FileHandler' driver.
DEBUG - 2025-05-01 01:48:49 --> Session: Class initialized using 'CodeIgniter\Session\Handlers\FileHandler' driver.
DEBUG - 2025-05-01 01:49:10 --> Session: Class initialized using 'CodeIgniter\Session\Handlers\FileHandler' driver.
DEBUG - 2025-05-01 01:49:54 --> Session: Class initialized using 'CodeIgniter\Session\Handlers\FileHandler' driver.
DEBUG - 2025-05-01 01:50:00 --> Session: Class initialized using 'CodeIgniter\Session\Handlers\FileHandler' driver.
DEBUG - 2025-05-01 01:51:19 --> Session: Class initialized using 'CodeIgniter\Session\Handlers\FileHandler' driver.
DEBUG - 2025-05-01 01:51:20 --> Session: Class initialized using 'CodeIgniter\Session\Handlers\FileHandler' driver.
DEBUG - 2025-05-01 01:51:21 --> Session: Class initialized using 'CodeIgniter\Session\Handlers\FileHandler' driver.
DEBUG - 2025-05-01 01:51:22 --> Session: Class initialized using 'CodeIgniter\Session\Handlers\FileHandler' driver.
DEBUG - 2025-05-01 01:51:27 --> Session: Class initialized using 'CodeIgniter\Session\Handlers\FileHandler' driver.
DEBUG - 2025-05-01 01:55:45 --> Session: Class initialized using 'CodeIgniter\Session\Handlers\FileHandler' driver.
ERROR - 2025-05-01 01:55:45 --> mysqli_sql_exception: Not unique table/alias: 'stock' in C:\xampp\htdocs\ratnacell\system\Database\MySQLi\Connection.php:327
Stack trace:
#0 C:\xampp\htdocs\ratnacell\system\Database\MySQLi\Connection.php(327): mysqli->query('SELECT `product...', 0)
#1 C:\xampp\htdocs\ratnacell\system\Database\BaseConnection.php(738): CodeIgniter\Database\MySQLi\Connection->execute('SELECT `product...')
#2 C:\xampp\htdocs\ratnacell\system\Database\BaseConnection.php(652): CodeIgniter\Database\BaseConnection->simpleQuery('SELECT `product...')
#3 C:\xampp\htdocs\ratnacell\system\Database\BaseBuilder.php(1649): CodeIgniter\Database\BaseConnection->query('SELECT `product...', Array, false)
#4 C:\xampp\htdocs\ratnacell\system\Model.php(928): CodeIgniter\Database\BaseBuilder->get()
#5 C:\xampp\htdocs\ratnacell\app\Controllers\StockController.php(44): CodeIgniter\Model->__call('get', Array)
#6 C:\xampp\htdocs\ratnacell\system\CodeIgniter.php(933): App\Controllers\StockController->edit('8')
#7 C:\xampp\htdocs\ratnacell\system\CodeIgniter.php(507): CodeIgniter\CodeIgniter->runController(Object(App\Controllers\StockController))
#8 C:\xampp\htdocs\ratnacell\system\CodeIgniter.php(354): CodeIgniter\CodeIgniter->handleRequest(NULL, Object(Config\Cache), false)
#9 C:\xampp\htdocs\ratnacell\system\Boot.php(334): CodeIgniter\CodeIgniter->run()
#10 C:\xampp\htdocs\ratnacell\system\Boot.php(67): CodeIgniter\Boot::runCodeIgniter(Object(CodeIgniter\CodeIgniter))
#11 C:\xampp\htdocs\ratnacell\public\index.php(56): CodeIgniter\Boot::bootWeb(Object(Config\Paths))
#12 C:\xampp\htdocs\ratnacell\system\rewrite.php(44): require_once('C:\\xampp\\htdocs...')
#13 {main}
CRITICAL - 2025-05-01 01:55:45 --> CodeIgniter\Database\Exceptions\DatabaseException: Not unique table/alias: 'stock'
[Method: GET, Route: stock/edit/8]
in SYSTEMPATH\Database\BaseConnection.php on line 692.
 1 SYSTEMPATH\Database\BaseBuilder.php(1649): CodeIgniter\Database\BaseConnection->query('SELECT `product`.*, `stock`.`qty`, `stock`.`id` as `stock_id`
FROM `stock`
RIGHT JOIN `stock` ON `product`.`id` = `stock`.`product_id`
WHERE `stock`.`id` = :stock.id:
AND `warehouse` = :warehouse:', [...], false)
 2 SYSTEMPATH\Model.php(928): CodeIgniter\Database\BaseBuilder->get()
 3 APPPATH\Controllers\StockController.php(44): CodeIgniter\Model->__call('get', [])
 4 SYSTEMPATH\CodeIgniter.php(933): App\Controllers\StockController->edit('8')
 5 SYSTEMPATH\CodeIgniter.php(507): CodeIgniter\CodeIgniter->runController(Object(App\Controllers\StockController))
 6 SYSTEMPATH\CodeIgniter.php(354): CodeIgniter\CodeIgniter->handleRequest(null, Object(Config\Cache), false)
 7 SYSTEMPATH\Boot.php(334): CodeIgniter\CodeIgniter->run()
 8 SYSTEMPATH\Boot.php(67): CodeIgniter\Boot::runCodeIgniter(Object(CodeIgniter\CodeIgniter))
 9 FCPATH\index.php(56): CodeIgniter\Boot::bootWeb(Object(Config\Paths))
10 SYSTEMPATH\rewrite.php(44): require_once('C:\\xampp\\htdocs\\ratnacell\\public\\index.php')
CRITICAL - 2025-05-01 01:55:45 --> [Caused by] CodeIgniter\Database\Exceptions\DatabaseException: Not unique table/alias: 'stock'
in SYSTEMPATH\Database\MySQLi\Connection.php on line 332.
 1 SYSTEMPATH\Database\BaseConnection.php(738): CodeIgniter\Database\MySQLi\Connection->execute('SELECT `product`.*, `stock`.`qty`, `stock`.`id` as `stock_id`
FROM `stock`
RIGHT JOIN `stock` ON `product`.`id` = `stock`.`product_id`
WHERE `stock`.`id` = \'8\'
AND `warehouse` = \'melati\'')
 2 SYSTEMPATH\Database\BaseConnection.php(652): CodeIgniter\Database\BaseConnection->simpleQuery('SELECT `product`.*, `stock`.`qty`, `stock`.`id` as `stock_id`
FROM `stock`
RIGHT JOIN `stock` ON `product`.`id` = `stock`.`product_id`
WHERE `stock`.`id` = \'8\'
AND `warehouse` = \'melati\'')
 3 SYSTEMPATH\Database\BaseBuilder.php(1649): CodeIgniter\Database\BaseConnection->query('SELECT `product`.*, `stock`.`qty`, `stock`.`id` as `stock_id`
FROM `stock`
RIGHT JOIN `stock` ON `product`.`id` = `stock`.`product_id`
WHERE `stock`.`id` = :stock.id:
AND `warehouse` = :warehouse:', [...], false)
 4 SYSTEMPATH\Model.php(928): CodeIgniter\Database\BaseBuilder->get()
 5 APPPATH\Controllers\StockController.php(44): CodeIgniter\Model->__call('get', [])
 6 SYSTEMPATH\CodeIgniter.php(933): App\Controllers\StockController->edit('8')
 7 SYSTEMPATH\CodeIgniter.php(507): CodeIgniter\CodeIgniter->runController(Object(App\Controllers\StockController))
 8 SYSTEMPATH\CodeIgniter.php(354): CodeIgniter\CodeIgniter->handleRequest(null, Object(Config\Cache), false)
 9 SYSTEMPATH\Boot.php(334): CodeIgniter\CodeIgniter->run()
10 SYSTEMPATH\Boot.php(67): CodeIgniter\Boot::runCodeIgniter(Object(CodeIgniter\CodeIgniter))
11 FCPATH\index.php(56): CodeIgniter\Boot::bootWeb(Object(Config\Paths))
12 SYSTEMPATH\rewrite.php(44): require_once('C:\\xampp\\htdocs\\ratnacell\\public\\index.php')
CRITICAL - 2025-05-01 01:55:45 --> [Caused by] mysqli_sql_exception: Not unique table/alias: 'stock'
in SYSTEMPATH\Database\MySQLi\Connection.php on line 327.
 1 SYSTEMPATH\Database\MySQLi\Connection.php(327): mysqli->query('SELECT `product`.*, `stock`.`qty`, `stock`.`id` as `stock_id`
FROM `stock`
RIGHT JOIN `stock` ON `product`.`id` = `stock`.`product_id`
WHERE `stock`.`id` = \'8\'
AND `warehouse` = \'melati\'', 0)
 2 SYSTEMPATH\Database\BaseConnection.php(738): CodeIgniter\Database\MySQLi\Connection->execute('SELECT `product`.*, `stock`.`qty`, `stock`.`id` as `stock_id`
FROM `stock`
RIGHT JOIN `stock` ON `product`.`id` = `stock`.`product_id`
WHERE `stock`.`id` = \'8\'
AND `warehouse` = \'melati\'')
 3 SYSTEMPATH\Database\BaseConnection.php(652): CodeIgniter\Database\BaseConnection->simpleQuery('SELECT `product`.*, `stock`.`qty`, `stock`.`id` as `stock_id`
FROM `stock`
RIGHT JOIN `stock` ON `product`.`id` = `stock`.`product_id`
WHERE `stock`.`id` = \'8\'
AND `warehouse` = \'melati\'')
 4 SYSTEMPATH\Database\BaseBuilder.php(1649): CodeIgniter\Database\BaseConnection->query('SELECT `product`.*, `stock`.`qty`, `stock`.`id` as `stock_id`
FROM `stock`
RIGHT JOIN `stock` ON `product`.`id` = `stock`.`product_id`
WHERE `stock`.`id` = :stock.id:
AND `warehouse` = :warehouse:', [...], false)
 5 SYSTEMPATH\Model.php(928): CodeIgniter\Database\BaseBuilder->get()
 6 APPPATH\Controllers\StockController.php(44): CodeIgniter\Model->__call('get', [])
 7 SYSTEMPATH\CodeIgniter.php(933): App\Controllers\StockController->edit('8')
 8 SYSTEMPATH\CodeIgniter.php(507): CodeIgniter\CodeIgniter->runController(Object(App\Controllers\StockController))
 9 SYSTEMPATH\CodeIgniter.php(354): CodeIgniter\CodeIgniter->handleRequest(null, Object(Config\Cache), false)
10 SYSTEMPATH\Boot.php(334): CodeIgniter\CodeIgniter->run()
11 SYSTEMPATH\Boot.php(67): CodeIgniter\Boot::runCodeIgniter(Object(CodeIgniter\CodeIgniter))
12 FCPATH\index.php(56): CodeIgniter\Boot::bootWeb(Object(Config\Paths))
13 SYSTEMPATH\rewrite.php(44): require_once('C:\\xampp\\htdocs\\ratnacell\\public\\index.php')
DEBUG - 2025-05-01 01:56:37 --> Session: Class initialized using 'CodeIgniter\Session\Handlers\FileHandler' driver.
DEBUG - 2025-05-01 01:59:31 --> Session: Class initialized using 'CodeIgniter\Session\Handlers\FileHandler' driver.
CRITICAL - 2025-05-01 01:59:31 --> ErrorException: Undefined property: stdClass::$app_name
[Method: GET, Route: stock]
in APPPATH\Views\stock\index.php on line 81.
 1 APPPATH\Views\stock\index.php(81): CodeIgniter\Debug\Exceptions->errorHandler(2, 'Undefined property: stdClass::$app_name', 'C:\\xampp\\htdocs\\ratnacell\\app\\Views\\stock\\index.php', 81)
 2 SYSTEMPATH\View\View.php(224): include('C:\\xampp\\htdocs\\ratnacell\\app\\Views\\stock\\index.php')
 3 SYSTEMPATH\View\View.php(227): CodeIgniter\View\View->CodeIgniter\View\{closure}()
 4 SYSTEMPATH\Common.php(1173): CodeIgniter\View\View->render('stock/index', [], true)
 5 APPPATH\Controllers\StockController.php(31): view('stock/index', [...])
 6 SYSTEMPATH\CodeIgniter.php(933): App\Controllers\StockController->index()
 7 SYSTEMPATH\CodeIgniter.php(507): CodeIgniter\CodeIgniter->runController(Object(App\Controllers\StockController))
 8 SYSTEMPATH\CodeIgniter.php(354): CodeIgniter\CodeIgniter->handleRequest(null, Object(Config\Cache), false)
 9 SYSTEMPATH\Boot.php(334): CodeIgniter\CodeIgniter->run()
10 SYSTEMPATH\Boot.php(67): CodeIgniter\Boot::runCodeIgniter(Object(CodeIgniter\CodeIgniter))
11 FCPATH\index.php(56): CodeIgniter\Boot::bootWeb(Object(Config\Paths))
12 SYSTEMPATH\rewrite.php(44): require_once('C:\\xampp\\htdocs\\ratnacell\\public\\index.php')
DEBUG - 2025-05-01 02:00:50 --> Session: Class initialized using 'CodeIgniter\Session\Handlers\FileHandler' driver.
DEBUG - 2025-05-01 02:00:54 --> Session: Class initialized using 'CodeIgniter\Session\Handlers\FileHandler' driver.
ERROR - 2025-05-01 02:00:54 --> mysqli_sql_exception: Not unique table/alias: 'stock' in C:\xampp\htdocs\ratnacell\system\Database\MySQLi\Connection.php:327
Stack trace:
#0 C:\xampp\htdocs\ratnacell\system\Database\MySQLi\Connection.php(327): mysqli->query('SELECT `product...', 0)
#1 C:\xampp\htdocs\ratnacell\system\Database\BaseConnection.php(738): CodeIgniter\Database\MySQLi\Connection->execute('SELECT `product...')
#2 C:\xampp\htdocs\ratnacell\system\Database\BaseConnection.php(652): CodeIgniter\Database\BaseConnection->simpleQuery('SELECT `product...')
#3 C:\xampp\htdocs\ratnacell\system\Database\BaseBuilder.php(1649): CodeIgniter\Database\BaseConnection->query('SELECT `product...', Array, false)
#4 C:\xampp\htdocs\ratnacell\system\Model.php(928): CodeIgniter\Database\BaseBuilder->get()
#5 C:\xampp\htdocs\ratnacell\app\Controllers\StockController.php(44): CodeIgniter\Model->__call('get', Array)
#6 C:\xampp\htdocs\ratnacell\system\CodeIgniter.php(933): App\Controllers\StockController->edit('8')
#7 C:\xampp\htdocs\ratnacell\system\CodeIgniter.php(507): CodeIgniter\CodeIgniter->runController(Object(App\Controllers\StockController))
#8 C:\xampp\htdocs\ratnacell\system\CodeIgniter.php(354): CodeIgniter\CodeIgniter->handleRequest(NULL, Object(Config\Cache), false)
#9 C:\xampp\htdocs\ratnacell\system\Boot.php(334): CodeIgniter\CodeIgniter->run()
#10 C:\xampp\htdocs\ratnacell\system\Boot.php(67): CodeIgniter\Boot::runCodeIgniter(Object(CodeIgniter\CodeIgniter))
#11 C:\xampp\htdocs\ratnacell\public\index.php(56): CodeIgniter\Boot::bootWeb(Object(Config\Paths))
#12 C:\xampp\htdocs\ratnacell\system\rewrite.php(44): require_once('C:\\xampp\\htdocs...')
#13 {main}
CRITICAL - 2025-05-01 02:00:54 --> CodeIgniter\Database\Exceptions\DatabaseException: Not unique table/alias: 'stock'
[Method: GET, Route: stock/edit/8]
in SYSTEMPATH\Database\BaseConnection.php on line 692.
 1 SYSTEMPATH\Database\BaseBuilder.php(1649): CodeIgniter\Database\BaseConnection->query('SELECT `product`.*, `stock`.`qty`, `stock`.`id` as `stock_id`
FROM `stock`
RIGHT JOIN `stock` ON `product`.`id` = `stock`.`product_id`
WHERE `stock`.`id` = :stock.id:
AND `warehouse` = :warehouse:', [...], false)
 2 SYSTEMPATH\Model.php(928): CodeIgniter\Database\BaseBuilder->get()
 3 APPPATH\Controllers\StockController.php(44): CodeIgniter\Model->__call('get', [])
 4 SYSTEMPATH\CodeIgniter.php(933): App\Controllers\StockController->edit('8')
 5 SYSTEMPATH\CodeIgniter.php(507): CodeIgniter\CodeIgniter->runController(Object(App\Controllers\StockController))
 6 SYSTEMPATH\CodeIgniter.php(354): CodeIgniter\CodeIgniter->handleRequest(null, Object(Config\Cache), false)
 7 SYSTEMPATH\Boot.php(334): CodeIgniter\CodeIgniter->run()
 8 SYSTEMPATH\Boot.php(67): CodeIgniter\Boot::runCodeIgniter(Object(CodeIgniter\CodeIgniter))
 9 FCPATH\index.php(56): CodeIgniter\Boot::bootWeb(Object(Config\Paths))
10 SYSTEMPATH\rewrite.php(44): require_once('C:\\xampp\\htdocs\\ratnacell\\public\\index.php')
CRITICAL - 2025-05-01 02:00:54 --> [Caused by] CodeIgniter\Database\Exceptions\DatabaseException: Not unique table/alias: 'stock'
in SYSTEMPATH\Database\MySQLi\Connection.php on line 332.
 1 SYSTEMPATH\Database\BaseConnection.php(738): CodeIgniter\Database\MySQLi\Connection->execute('SELECT `product`.*, `stock`.`qty`, `stock`.`id` as `stock_id`
FROM `stock`
RIGHT JOIN `stock` ON `product`.`id` = `stock`.`product_id`
WHERE `stock`.`id` = \'8\'
AND `warehouse` = \'melati\'')
 2 SYSTEMPATH\Database\BaseConnection.php(652): CodeIgniter\Database\BaseConnection->simpleQuery('SELECT `product`.*, `stock`.`qty`, `stock`.`id` as `stock_id`
FROM `stock`
RIGHT JOIN `stock` ON `product`.`id` = `stock`.`product_id`
WHERE `stock`.`id` = \'8\'
AND `warehouse` = \'melati\'')
 3 SYSTEMPATH\Database\BaseBuilder.php(1649): CodeIgniter\Database\BaseConnection->query('SELECT `product`.*, `stock`.`qty`, `stock`.`id` as `stock_id`
FROM `stock`
RIGHT JOIN `stock` ON `product`.`id` = `stock`.`product_id`
WHERE `stock`.`id` = :stock.id:
AND `warehouse` = :warehouse:', [...], false)
 4 SYSTEMPATH\Model.php(928): CodeIgniter\Database\BaseBuilder->get()
 5 APPPATH\Controllers\StockController.php(44): CodeIgniter\Model->__call('get', [])
 6 SYSTEMPATH\CodeIgniter.php(933): App\Controllers\StockController->edit('8')
 7 SYSTEMPATH\CodeIgniter.php(507): CodeIgniter\CodeIgniter->runController(Object(App\Controllers\StockController))
 8 SYSTEMPATH\CodeIgniter.php(354): CodeIgniter\CodeIgniter->handleRequest(null, Object(Config\Cache), false)
 9 SYSTEMPATH\Boot.php(334): CodeIgniter\CodeIgniter->run()
10 SYSTEMPATH\Boot.php(67): CodeIgniter\Boot::runCodeIgniter(Object(CodeIgniter\CodeIgniter))
11 FCPATH\index.php(56): CodeIgniter\Boot::bootWeb(Object(Config\Paths))
12 SYSTEMPATH\rewrite.php(44): require_once('C:\\xampp\\htdocs\\ratnacell\\public\\index.php')
CRITICAL - 2025-05-01 02:00:54 --> [Caused by] mysqli_sql_exception: Not unique table/alias: 'stock'
in SYSTEMPATH\Database\MySQLi\Connection.php on line 327.
 1 SYSTEMPATH\Database\MySQLi\Connection.php(327): mysqli->query('SELECT `product`.*, `stock`.`qty`, `stock`.`id` as `stock_id`
FROM `stock`
RIGHT JOIN `stock` ON `product`.`id` = `stock`.`product_id`
WHERE `stock`.`id` = \'8\'
AND `warehouse` = \'melati\'', 0)
 2 SYSTEMPATH\Database\BaseConnection.php(738): CodeIgniter\Database\MySQLi\Connection->execute('SELECT `product`.*, `stock`.`qty`, `stock`.`id` as `stock_id`
FROM `stock`
RIGHT JOIN `stock` ON `product`.`id` = `stock`.`product_id`
WHERE `stock`.`id` = \'8\'
AND `warehouse` = \'melati\'')
 3 SYSTEMPATH\Database\BaseConnection.php(652): CodeIgniter\Database\BaseConnection->simpleQuery('SELECT `product`.*, `stock`.`qty`, `stock`.`id` as `stock_id`
FROM `stock`
RIGHT JOIN `stock` ON `product`.`id` = `stock`.`product_id`
WHERE `stock`.`id` = \'8\'
AND `warehouse` = \'melati\'')
 4 SYSTEMPATH\Database\BaseBuilder.php(1649): CodeIgniter\Database\BaseConnection->query('SELECT `product`.*, `stock`.`qty`, `stock`.`id` as `stock_id`
FROM `stock`
RIGHT JOIN `stock` ON `product`.`id` = `stock`.`product_id`
WHERE `stock`.`id` = :stock.id:
AND `warehouse` = :warehouse:', [...], false)
 5 SYSTEMPATH\Model.php(928): CodeIgniter\Database\BaseBuilder->get()
 6 APPPATH\Controllers\StockController.php(44): CodeIgniter\Model->__call('get', [])
 7 SYSTEMPATH\CodeIgniter.php(933): App\Controllers\StockController->edit('8')
 8 SYSTEMPATH\CodeIgniter.php(507): CodeIgniter\CodeIgniter->runController(Object(App\Controllers\StockController))
 9 SYSTEMPATH\CodeIgniter.php(354): CodeIgniter\CodeIgniter->handleRequest(null, Object(Config\Cache), false)
10 SYSTEMPATH\Boot.php(334): CodeIgniter\CodeIgniter->run()
11 SYSTEMPATH\Boot.php(67): CodeIgniter\Boot::runCodeIgniter(Object(CodeIgniter\CodeIgniter))
12 FCPATH\index.php(56): CodeIgniter\Boot::bootWeb(Object(Config\Paths))
13 SYSTEMPATH\rewrite.php(44): require_once('C:\\xampp\\htdocs\\ratnacell\\public\\index.php')
DEBUG - 2025-05-01 02:00:56 --> Session: Class initialized using 'CodeIgniter\Session\Handlers\FileHandler' driver.
DEBUG - 2025-05-01 02:01:22 --> Session: Class initialized using 'CodeIgniter\Session\Handlers\FileHandler' driver.
DEBUG - 2025-05-01 02:01:26 --> Session: Class initialized using 'CodeIgniter\Session\Handlers\FileHandler' driver.
ERROR - 2025-05-01 02:01:26 --> mysqli_sql_exception: Not unique table/alias: 'stock' in C:\xampp\htdocs\ratnacell\system\Database\MySQLi\Connection.php:327
Stack trace:
#0 C:\xampp\htdocs\ratnacell\system\Database\MySQLi\Connection.php(327): mysqli->query('SELECT `product...', 0)
#1 C:\xampp\htdocs\ratnacell\system\Database\BaseConnection.php(738): CodeIgniter\Database\MySQLi\Connection->execute('SELECT `product...')
#2 C:\xampp\htdocs\ratnacell\system\Database\BaseConnection.php(652): CodeIgniter\Database\BaseConnection->simpleQuery('SELECT `product...')
#3 C:\xampp\htdocs\ratnacell\system\Database\BaseBuilder.php(1649): CodeIgniter\Database\BaseConnection->query('SELECT `product...', Array, false)
#4 C:\xampp\htdocs\ratnacell\system\Model.php(928): CodeIgniter\Database\BaseBuilder->get()
#5 C:\xampp\htdocs\ratnacell\app\Controllers\StockController.php(44): CodeIgniter\Model->__call('get', Array)
#6 C:\xampp\htdocs\ratnacell\system\CodeIgniter.php(933): App\Controllers\StockController->edit('8')
#7 C:\xampp\htdocs\ratnacell\system\CodeIgniter.php(507): CodeIgniter\CodeIgniter->runController(Object(App\Controllers\StockController))
#8 C:\xampp\htdocs\ratnacell\system\CodeIgniter.php(354): CodeIgniter\CodeIgniter->handleRequest(NULL, Object(Config\Cache), false)
#9 C:\xampp\htdocs\ratnacell\system\Boot.php(334): CodeIgniter\CodeIgniter->run()
#10 C:\xampp\htdocs\ratnacell\system\Boot.php(67): CodeIgniter\Boot::runCodeIgniter(Object(CodeIgniter\CodeIgniter))
#11 C:\xampp\htdocs\ratnacell\public\index.php(56): CodeIgniter\Boot::bootWeb(Object(Config\Paths))
#12 C:\xampp\htdocs\ratnacell\system\rewrite.php(44): require_once('C:\\xampp\\htdocs...')
#13 {main}
CRITICAL - 2025-05-01 02:01:26 --> CodeIgniter\Database\Exceptions\DatabaseException: Not unique table/alias: 'stock'
[Method: GET, Route: stock/edit/8]
in SYSTEMPATH\Database\BaseConnection.php on line 692.
 1 SYSTEMPATH\Database\BaseBuilder.php(1649): CodeIgniter\Database\BaseConnection->query('SELECT `product`.*, `stock`.`qty`, `stock`.`id` as `stock_id`
FROM `stock`
RIGHT JOIN `stock` ON `product`.`id` = `stock`.`product_id`
WHERE `stock`.`id` = :stock.id:
AND `warehouse` = :warehouse:', [...], false)
 2 SYSTEMPATH\Model.php(928): CodeIgniter\Database\BaseBuilder->get()
 3 APPPATH\Controllers\StockController.php(44): CodeIgniter\Model->__call('get', [])
 4 SYSTEMPATH\CodeIgniter.php(933): App\Controllers\StockController->edit('8')
 5 SYSTEMPATH\CodeIgniter.php(507): CodeIgniter\CodeIgniter->runController(Object(App\Controllers\StockController))
 6 SYSTEMPATH\CodeIgniter.php(354): CodeIgniter\CodeIgniter->handleRequest(null, Object(Config\Cache), false)
 7 SYSTEMPATH\Boot.php(334): CodeIgniter\CodeIgniter->run()
 8 SYSTEMPATH\Boot.php(67): CodeIgniter\Boot::runCodeIgniter(Object(CodeIgniter\CodeIgniter))
 9 FCPATH\index.php(56): CodeIgniter\Boot::bootWeb(Object(Config\Paths))
10 SYSTEMPATH\rewrite.php(44): require_once('C:\\xampp\\htdocs\\ratnacell\\public\\index.php')
CRITICAL - 2025-05-01 02:01:26 --> [Caused by] CodeIgniter\Database\Exceptions\DatabaseException: Not unique table/alias: 'stock'
in SYSTEMPATH\Database\MySQLi\Connection.php on line 332.
 1 SYSTEMPATH\Database\BaseConnection.php(738): CodeIgniter\Database\MySQLi\Connection->execute('SELECT `product`.*, `stock`.`qty`, `stock`.`id` as `stock_id`
FROM `stock`
RIGHT JOIN `stock` ON `product`.`id` = `stock`.`product_id`
WHERE `stock`.`id` = \'8\'
AND `warehouse` = \'melati\'')
 2 SYSTEMPATH\Database\BaseConnection.php(652): CodeIgniter\Database\BaseConnection->simpleQuery('SELECT `product`.*, `stock`.`qty`, `stock`.`id` as `stock_id`
FROM `stock`
RIGHT JOIN `stock` ON `product`.`id` = `stock`.`product_id`
WHERE `stock`.`id` = \'8\'
AND `warehouse` = \'melati\'')
 3 SYSTEMPATH\Database\BaseBuilder.php(1649): CodeIgniter\Database\BaseConnection->query('SELECT `product`.*, `stock`.`qty`, `stock`.`id` as `stock_id`
FROM `stock`
RIGHT JOIN `stock` ON `product`.`id` = `stock`.`product_id`
WHERE `stock`.`id` = :stock.id:
AND `warehouse` = :warehouse:', [...], false)
 4 SYSTEMPATH\Model.php(928): CodeIgniter\Database\BaseBuilder->get()
 5 APPPATH\Controllers\StockController.php(44): CodeIgniter\Model->__call('get', [])
 6 SYSTEMPATH\CodeIgniter.php(933): App\Controllers\StockController->edit('8')
 7 SYSTEMPATH\CodeIgniter.php(507): CodeIgniter\CodeIgniter->runController(Object(App\Controllers\StockController))
 8 SYSTEMPATH\CodeIgniter.php(354): CodeIgniter\CodeIgniter->handleRequest(null, Object(Config\Cache), false)
 9 SYSTEMPATH\Boot.php(334): CodeIgniter\CodeIgniter->run()
10 SYSTEMPATH\Boot.php(67): CodeIgniter\Boot::runCodeIgniter(Object(CodeIgniter\CodeIgniter))
11 FCPATH\index.php(56): CodeIgniter\Boot::bootWeb(Object(Config\Paths))
12 SYSTEMPATH\rewrite.php(44): require_once('C:\\xampp\\htdocs\\ratnacell\\public\\index.php')
CRITICAL - 2025-05-01 02:01:26 --> [Caused by] mysqli_sql_exception: Not unique table/alias: 'stock'
in SYSTEMPATH\Database\MySQLi\Connection.php on line 327.
 1 SYSTEMPATH\Database\MySQLi\Connection.php(327): mysqli->query('SELECT `product`.*, `stock`.`qty`, `stock`.`id` as `stock_id`
FROM `stock`
RIGHT JOIN `stock` ON `product`.`id` = `stock`.`product_id`
WHERE `stock`.`id` = \'8\'
AND `warehouse` = \'melati\'', 0)
 2 SYSTEMPATH\Database\BaseConnection.php(738): CodeIgniter\Database\MySQLi\Connection->execute('SELECT `product`.*, `stock`.`qty`, `stock`.`id` as `stock_id`
FROM `stock`
RIGHT JOIN `stock` ON `product`.`id` = `stock`.`product_id`
WHERE `stock`.`id` = \'8\'
AND `warehouse` = \'melati\'')
 3 SYSTEMPATH\Database\BaseConnection.php(652): CodeIgniter\Database\BaseConnection->simpleQuery('SELECT `product`.*, `stock`.`qty`, `stock`.`id` as `stock_id`
FROM `stock`
RIGHT JOIN `stock` ON `product`.`id` = `stock`.`product_id`
WHERE `stock`.`id` = \'8\'
AND `warehouse` = \'melati\'')
 4 SYSTEMPATH\Database\BaseBuilder.php(1649): CodeIgniter\Database\BaseConnection->query('SELECT `product`.*, `stock`.`qty`, `stock`.`id` as `stock_id`
FROM `stock`
RIGHT JOIN `stock` ON `product`.`id` = `stock`.`product_id`
WHERE `stock`.`id` = :stock.id:
AND `warehouse` = :warehouse:', [...], false)
 5 SYSTEMPATH\Model.php(928): CodeIgniter\Database\BaseBuilder->get()
 6 APPPATH\Controllers\StockController.php(44): CodeIgniter\Model->__call('get', [])
 7 SYSTEMPATH\CodeIgniter.php(933): App\Controllers\StockController->edit('8')
 8 SYSTEMPATH\CodeIgniter.php(507): CodeIgniter\CodeIgniter->runController(Object(App\Controllers\StockController))
 9 SYSTEMPATH\CodeIgniter.php(354): CodeIgniter\CodeIgniter->handleRequest(null, Object(Config\Cache), false)
10 SYSTEMPATH\Boot.php(334): CodeIgniter\CodeIgniter->run()
11 SYSTEMPATH\Boot.php(67): CodeIgniter\Boot::runCodeIgniter(Object(CodeIgniter\CodeIgniter))
12 FCPATH\index.php(56): CodeIgniter\Boot::bootWeb(Object(Config\Paths))
13 SYSTEMPATH\rewrite.php(44): require_once('C:\\xampp\\htdocs\\ratnacell\\public\\index.php')
DEBUG - 2025-05-01 02:01:44 --> Session: Class initialized using 'CodeIgniter\Session\Handlers\FileHandler' driver.
DEBUG - 2025-05-01 02:01:46 --> Session: Class initialized using 'CodeIgniter\Session\Handlers\FileHandler' driver.
DEBUG - 2025-05-01 02:02:27 --> Session: Class initialized using 'CodeIgniter\Session\Handlers\FileHandler' driver.
DEBUG - 2025-05-01 02:02:28 --> Session: Class initialized using 'CodeIgniter\Session\Handlers\FileHandler' driver.
DEBUG - 2025-05-01 02:02:47 --> Session: Class initialized using 'CodeIgniter\Session\Handlers\FileHandler' driver.
DEBUG - 2025-05-01 02:02:52 --> Session: Class initialized using 'CodeIgniter\Session\Handlers\FileHandler' driver.
DEBUG - 2025-05-01 02:02:57 --> Session: Class initialized using 'CodeIgniter\Session\Handlers\FileHandler' driver.
DEBUG - 2025-05-01 02:02:59 --> Session: Class initialized using 'CodeIgniter\Session\Handlers\FileHandler' driver.
DEBUG - 2025-05-01 02:04:05 --> Session: Class initialized using 'CodeIgniter\Session\Handlers\FileHandler' driver.
DEBUG - 2025-05-01 02:10:06 --> Session: Class initialized using 'CodeIgniter\Session\Handlers\FileHandler' driver.
DEBUG - 2025-05-01 02:12:20 --> Session: Class initialized using 'CodeIgniter\Session\Handlers\FileHandler' driver.
DEBUG - 2025-05-01 02:12:23 --> Session: Class initialized using 'CodeIgniter\Session\Handlers\FileHandler' driver.
DEBUG - 2025-05-01 02:12:31 --> Session: Class initialized using 'CodeIgniter\Session\Handlers\FileHandler' driver.
DEBUG - 2025-05-01 02:15:21 --> Session: Class initialized using 'CodeIgniter\Session\Handlers\FileHandler' driver.
DEBUG - 2025-05-01 02:15:22 --> Session: Class initialized using 'CodeIgniter\Session\Handlers\FileHandler' driver.
DEBUG - 2025-05-01 02:15:32 --> Session: Class initialized using 'CodeIgniter\Session\Handlers\FileHandler' driver.
DEBUG - 2025-05-01 02:15:36 --> Session: Class initialized using 'CodeIgniter\Session\Handlers\FileHandler' driver.
DEBUG - 2025-05-01 02:16:10 --> Session: Class initialized using 'CodeIgniter\Session\Handlers\FileHandler' driver.
DEBUG - 2025-05-01 02:16:29 --> Session: Class initialized using 'CodeIgniter\Session\Handlers\FileHandler' driver.
DEBUG - 2025-05-01 02:16:52 --> Session: Class initialized using 'CodeIgniter\Session\Handlers\FileHandler' driver.
DEBUG - 2025-05-01 02:16:53 --> Session: Class initialized using 'CodeIgniter\Session\Handlers\FileHandler' driver.
DEBUG - 2025-05-01 02:18:16 --> Session: Class initialized using 'CodeIgniter\Session\Handlers\FileHandler' driver.
DEBUG - 2025-05-01 02:18:40 --> Session: Class initialized using 'CodeIgniter\Session\Handlers\FileHandler' driver.
DEBUG - 2025-05-01 02:18:41 --> Session: Class initialized using 'CodeIgniter\Session\Handlers\FileHandler' driver.
DEBUG - 2025-05-01 02:19:01 --> Session: Class initialized using 'CodeIgniter\Session\Handlers\FileHandler' driver.
DEBUG - 2025-05-01 02:19:42 --> Session: Class initialized using 'CodeIgniter\Session\Handlers\FileHandler' driver.
DEBUG - 2025-05-01 02:19:43 --> Session: Class initialized using 'CodeIgniter\Session\Handlers\FileHandler' driver.
DEBUG - 2025-05-01 02:25:41 --> Session: Class initialized using 'CodeIgniter\Session\Handlers\FileHandler' driver.
ERROR - 2025-05-01 02:25:41 --> mysqli_sql_exception: You have an error in your SQL syntax; check the manual that corresponds to your MariaDB server version for the right syntax to use near ' "fee_fixed"' at line 6 in C:\xampp\htdocs\ratnacell\system\Database\MySQLi\Connection.php:327
Stack trace:
#0 C:\xampp\htdocs\ratnacell\system\Database\MySQLi\Connection.php(327): mysqli->query('SELECT `product...', 0)
#1 C:\xampp\htdocs\ratnacell\system\Database\BaseConnection.php(738): CodeIgniter\Database\MySQLi\Connection->execute('SELECT `product...')
#2 C:\xampp\htdocs\ratnacell\system\Database\BaseConnection.php(652): CodeIgniter\Database\BaseConnection->simpleQuery('SELECT `product...')
#3 C:\xampp\htdocs\ratnacell\system\Database\BaseBuilder.php(1649): CodeIgniter\Database\BaseConnection->query('SELECT `product...', Array, false)
#4 C:\xampp\htdocs\ratnacell\system\Model.php(928): CodeIgniter\Database\BaseBuilder->get()
#5 C:\xampp\htdocs\ratnacell\app\Controllers\StockController.php(30): CodeIgniter\Model->__call('get', Array)
#6 C:\xampp\htdocs\ratnacell\system\CodeIgniter.php(933): App\Controllers\StockController->index()
#7 C:\xampp\htdocs\ratnacell\system\CodeIgniter.php(507): CodeIgniter\CodeIgniter->runController(Object(App\Controllers\StockController))
#8 C:\xampp\htdocs\ratnacell\system\CodeIgniter.php(354): CodeIgniter\CodeIgniter->handleRequest(NULL, Object(Config\Cache), false)
#9 C:\xampp\htdocs\ratnacell\system\Boot.php(334): CodeIgniter\CodeIgniter->run()
#10 C:\xampp\htdocs\ratnacell\system\Boot.php(67): CodeIgniter\Boot::runCodeIgniter(Object(CodeIgniter\CodeIgniter))
#11 C:\xampp\htdocs\ratnacell\public\index.php(56): CodeIgniter\Boot::bootWeb(Object(Config\Paths))
#12 C:\xampp\htdocs\ratnacell\system\rewrite.php(44): require_once('C:\\xampp\\htdocs...')
#13 {main}
CRITICAL - 2025-05-01 02:25:42 --> CodeIgniter\Database\Exceptions\DatabaseException: You have an error in your SQL syntax; check the manual that corresponds to your MariaDB server version for the right syntax to use near ' "fee_fixed"' at line 6
[Method: GET, Route: stock]
in SYSTEMPATH\Database\BaseConnection.php on line 692.
 1 SYSTEMPATH\Database\BaseBuilder.php(1649): CodeIgniter\Database\BaseConnection->query('SELECT `product`.*, `stock`.`qty`, `stock`.`id` as `stock_id`
FROM `product`
RIGHT JOIN `stock` ON `product`.`id` = `stock`.`product_id`
WHERE `warehouse` = :warehouse:
AND `stock`.`modified_at` IS NULL
AND product.product_type, "fee_fixed"', [...], false)
 2 SYSTEMPATH\Model.php(928): CodeIgniter\Database\BaseBuilder->get()
 3 APPPATH\Controllers\StockController.php(30): CodeIgniter\Model->__call('get', [])
 4 SYSTEMPATH\CodeIgniter.php(933): App\Controllers\StockController->index()
 5 SYSTEMPATH\CodeIgniter.php(507): CodeIgniter\CodeIgniter->runController(Object(App\Controllers\StockController))
 6 SYSTEMPATH\CodeIgniter.php(354): CodeIgniter\CodeIgniter->handleRequest(null, Object(Config\Cache), false)
 7 SYSTEMPATH\Boot.php(334): CodeIgniter\CodeIgniter->run()
 8 SYSTEMPATH\Boot.php(67): CodeIgniter\Boot::runCodeIgniter(Object(CodeIgniter\CodeIgniter))
 9 FCPATH\index.php(56): CodeIgniter\Boot::bootWeb(Object(Config\Paths))
10 SYSTEMPATH\rewrite.php(44): require_once('C:\\xampp\\htdocs\\ratnacell\\public\\index.php')
CRITICAL - 2025-05-01 02:25:42 --> [Caused by] CodeIgniter\Database\Exceptions\DatabaseException: You have an error in your SQL syntax; check the manual that corresponds to your MariaDB server version for the right syntax to use near ' "fee_fixed"' at line 6
in SYSTEMPATH\Database\MySQLi\Connection.php on line 332.
 1 SYSTEMPATH\Database\BaseConnection.php(738): CodeIgniter\Database\MySQLi\Connection->execute('SELECT `product`.*, `stock`.`qty`, `stock`.`id` as `stock_id`
FROM `product`
RIGHT JOIN `stock` ON `product`.`id` = `stock`.`product_id`
WHERE `warehouse` = \'melati\'
AND `stock`.`modified_at` IS NULL
AND product.product_type, "fee_fixed"')
 2 SYSTEMPATH\Database\BaseConnection.php(652): CodeIgniter\Database\BaseConnection->simpleQuery('SELECT `product`.*, `stock`.`qty`, `stock`.`id` as `stock_id`
FROM `product`
RIGHT JOIN `stock` ON `product`.`id` = `stock`.`product_id`
WHERE `warehouse` = \'melati\'
AND `stock`.`modified_at` IS NULL
AND product.product_type, "fee_fixed"')
 3 SYSTEMPATH\Database\BaseBuilder.php(1649): CodeIgniter\Database\BaseConnection->query('SELECT `product`.*, `stock`.`qty`, `stock`.`id` as `stock_id`
FROM `product`
RIGHT JOIN `stock` ON `product`.`id` = `stock`.`product_id`
WHERE `warehouse` = :warehouse:
AND `stock`.`modified_at` IS NULL
AND product.product_type, "fee_fixed"', [...], false)
 4 SYSTEMPATH\Model.php(928): CodeIgniter\Database\BaseBuilder->get()
 5 APPPATH\Controllers\StockController.php(30): CodeIgniter\Model->__call('get', [])
 6 SYSTEMPATH\CodeIgniter.php(933): App\Controllers\StockController->index()
 7 SYSTEMPATH\CodeIgniter.php(507): CodeIgniter\CodeIgniter->runController(Object(App\Controllers\StockController))
 8 SYSTEMPATH\CodeIgniter.php(354): CodeIgniter\CodeIgniter->handleRequest(null, Object(Config\Cache), false)
 9 SYSTEMPATH\Boot.php(334): CodeIgniter\CodeIgniter->run()
10 SYSTEMPATH\Boot.php(67): CodeIgniter\Boot::runCodeIgniter(Object(CodeIgniter\CodeIgniter))
11 FCPATH\index.php(56): CodeIgniter\Boot::bootWeb(Object(Config\Paths))
12 SYSTEMPATH\rewrite.php(44): require_once('C:\\xampp\\htdocs\\ratnacell\\public\\index.php')
CRITICAL - 2025-05-01 02:25:42 --> [Caused by] mysqli_sql_exception: You have an error in your SQL syntax; check the manual that corresponds to your MariaDB server version for the right syntax to use near ' "fee_fixed"' at line 6
in SYSTEMPATH\Database\MySQLi\Connection.php on line 327.
 1 SYSTEMPATH\Database\MySQLi\Connection.php(327): mysqli->query('SELECT `product`.*, `stock`.`qty`, `stock`.`id` as `stock_id`
FROM `product`
RIGHT JOIN `stock` ON `product`.`id` = `stock`.`product_id`
WHERE `warehouse` = \'melati\'
AND `stock`.`modified_at` IS NULL
AND product.product_type, "fee_fixed"', 0)
 2 SYSTEMPATH\Database\BaseConnection.php(738): CodeIgniter\Database\MySQLi\Connection->execute('SELECT `product`.*, `stock`.`qty`, `stock`.`id` as `stock_id`
FROM `product`
RIGHT JOIN `stock` ON `product`.`id` = `stock`.`product_id`
WHERE `warehouse` = \'melati\'
AND `stock`.`modified_at` IS NULL
AND product.product_type, "fee_fixed"')
 3 SYSTEMPATH\Database\BaseConnection.php(652): CodeIgniter\Database\BaseConnection->simpleQuery('SELECT `product`.*, `stock`.`qty`, `stock`.`id` as `stock_id`
FROM `product`
RIGHT JOIN `stock` ON `product`.`id` = `stock`.`product_id`
WHERE `warehouse` = \'melati\'
AND `stock`.`modified_at` IS NULL
AND product.product_type, "fee_fixed"')
 4 SYSTEMPATH\Database\BaseBuilder.php(1649): CodeIgniter\Database\BaseConnection->query('SELECT `product`.*, `stock`.`qty`, `stock`.`id` as `stock_id`
FROM `product`
RIGHT JOIN `stock` ON `product`.`id` = `stock`.`product_id`
WHERE `warehouse` = :warehouse:
AND `stock`.`modified_at` IS NULL
AND product.product_type, "fee_fixed"', [...], false)
 5 SYSTEMPATH\Model.php(928): CodeIgniter\Database\BaseBuilder->get()
 6 APPPATH\Controllers\StockController.php(30): CodeIgniter\Model->__call('get', [])
 7 SYSTEMPATH\CodeIgniter.php(933): App\Controllers\StockController->index()
 8 SYSTEMPATH\CodeIgniter.php(507): CodeIgniter\CodeIgniter->runController(Object(App\Controllers\StockController))
 9 SYSTEMPATH\CodeIgniter.php(354): CodeIgniter\CodeIgniter->handleRequest(null, Object(Config\Cache), false)
10 SYSTEMPATH\Boot.php(334): CodeIgniter\CodeIgniter->run()
11 SYSTEMPATH\Boot.php(67): CodeIgniter\Boot::runCodeIgniter(Object(CodeIgniter\CodeIgniter))
12 FCPATH\index.php(56): CodeIgniter\Boot::bootWeb(Object(Config\Paths))
13 SYSTEMPATH\rewrite.php(44): require_once('C:\\xampp\\htdocs\\ratnacell\\public\\index.php')
DEBUG - 2025-05-01 02:26:05 --> Session: Class initialized using 'CodeIgniter\Session\Handlers\FileHandler' driver.
DEBUG - 2025-05-01 02:26:19 --> Session: Class initialized using 'CodeIgniter\Session\Handlers\FileHandler' driver.
DEBUG - 2025-05-01 02:26:23 --> Session: Class initialized using 'CodeIgniter\Session\Handlers\FileHandler' driver.
